GNU gdb (Ubuntu 9.2-0ubuntu1~20.04) 9.2
Copyright (C) 2020 Free Software Foundation, Inc.
License GPLv3+: GNU GPL version 3 or later <http://gnu.org/licenses/gpl.html>
This is free software: you are free to change and redistribute it.
There is NO WARRANTY, to the extent permitted by law.
Type "show copying" and "show warranty" for details.
This GDB was configured as "x86_64-linux-gnu".
Type "show configuration" for configuration details.
For bug reporting instructions, please see:
<http://www.gnu.org/software/gdb/bugs/>.
Find the GDB manual and other documentation resources online at:
    <http://www.gnu.org/software/gdb/documentation/>.

For help, type "help".
Type "apropos word" to search for commands related to "word".
[New LWP 33531]
[New LWP 33532]
[New LWP 33533]
[New LWP 33534]
[New LWP 33535]
[New LWP 33536]
[New LWP 33537]
[New LWP 33540]
[New LWP 33738]
[New LWP 33739]
[New LWP 33740]
[Thread debugging using libthread_db enabled]
Using host libthread_db library "/lib/x86_64-linux-gnu/libthread_db.so.1".
0x00007fc1b3f5bdff in __GI___wait4 (pid=33744, stat_loc=0x0, options=0, 
    usage=0x0) at ../sysdeps/unix/sysv/linux/wait4.c:27

Stack backtrace
---------------
    usage=0x0) at ../sysdeps/unix/sysv/linux/wait4.c:27
        resultvar = 18446744073709551104
        sc_cancel_oldtype = 0
        sc_ret = <optimized out>
#1  0x00007fc1a95cc224 in ?? ()
   from /usr/lib/python3/dist-packages/cysignals/signals.cpython-38-x86_64-linux-gnu.so
No symbol table info available.
#2  0x00007fc1a95cc366 in ?? ()
   from /usr/lib/python3/dist-packages/cysignals/signals.cpython-38-x86_64-linux-gnu.so
No symbol table info available.
#3  0x00007fc1a95ced5f in ?? ()
   from /usr/lib/python3/dist-packages/cysignals/signals.cpython-38-x86_64-linux-gnu.so
No symbol table info available.
#4  <signal handler called>
No locals.
#5  0x00007fc130f51a4c in GiNaC::numeric::print_numeric(GiNaC::print_context const&, char const*, char const*, char const*, char const*, unsigned int, bool) const () from /lib/x86_64-linux-gnu/libpynac.so.18
No symbol table info available.
#6  0x00007fc130f51adc in GiNaC::numeric::do_print(GiNaC::print_context const&, unsigned int) const () from /lib/x86_64-linux-gnu/libpynac.so.18
No symbol table info available.
#7  0x00007fc130e8d8b4 in GiNaC::basic::print_dispatch(GiNaC::class_info<GiNaC::registered_class_options> const&, GiNaC::print_context const&, unsigned int) const () from /lib/x86_64-linux-gnu/libpynac.so.18
No symbol table info available.
#8  0x00007fc130f635a0 in GiNaC::operator<<(std::ostream&, GiNaC::ex const&) ()
   from /lib/x86_64-linux-gnu/libpynac.so.18
No symbol table info available.
#9  0x00007fc1306d2abe in ?? ()
   from /usr/lib/python3/dist-packages/sage/symbolic/ring.cpython-38-x86_64-linux-gnu.so
No symbol table info available.
#10 0x00007fc1306d2c7b in ?? ()
   from /usr/lib/python3/dist-packages/sage/symbolic/ring.cpython-38-x86_64-linux-gnu.so
No symbol table info available.
#11 0x00007fc13074087a in ?? ()
   from /usr/lib/python3/dist-packages/sage/symbolic/expression.cpython-38-x86_64-linux-gnu.so
No symbol table info available.
#12 0x00007fc1b01ab69c in ?? ()
   from /usr/lib/python3/dist-packages/sage/structure/sage_object.cpython-38-x86_64-linux-gnu.so
No symbol table info available.
#13 0x00007fc1b01b1a50 in ?? ()
   from /usr/lib/python3/dist-packages/sage/structure/sage_object.cpython-38-x86_64-linux-gnu.so
No symbol table info available.
#14 0x00000000005ec146 in ?? ()
No symbol table info available.
#15 0x000000000059dd07 in ?? ()
No symbol table info available.
#16 0x00000000005c58c5 in PyObject_Str ()
No symbol table info available.
#17 0x00000000006144df in PyFile_WriteObject ()
No symbol table info available.
#18 0x0000000000600568 in ?? ()
No symbol table info available.
#19 0x00000000005c5417 in ?? ()
No symbol table info available.
#20 0x000000000056bddd in _PyEval_EvalFrameDefault ()
No symbol table info available.
#21 0x000000000056a0ba in _PyEval_EvalCodeWithName ()
No symbol table info available.
#22 0x000000000068d5b7 in PyEval_EvalCode ()
No symbol table info available.
#23 0x0000000000600f54 in ?? ()
No symbol table info available.
#24 0x00000000005c5530 in ?? ()
No symbol table info available.
#25 0x000000000056bddd in _PyEval_EvalFrameDefault ()
No symbol table info available.
#26 0x00000000005004f8 in ?? ()
No symbol table info available.
#27 0x000000000056d80c in _PyEval_EvalFrameDefault ()
No symbol table info available.
#28 0x00000000005004f8 in ?? ()
No symbol table info available.
#29 0x000000000056d80c in _PyEval_EvalFrameDefault ()
No symbol table info available.
#30 0x00000000005004f8 in ?? ()
No symbol table info available.
#31 0x00000000005042c6 in ?? ()
No symbol table info available.
#32 0x000000000056bf09 in _PyEval_EvalFrameDefault ()
No symbol table info available.
#33 0x00000000005f6166 in _PyFunction_Vectorcall ()
No symbol table info available.
#34 0x000000000056bddd in _PyEval_EvalFrameDefault ()
No symbol table info available.
#35 0x00000000005f6166 in _PyFunction_Vectorcall ()
No symbol table info available.
#36 0x000000000056bf09 in _PyEval_EvalFrameDefault ()
No symbol table info available.
#37 0x000000000056a0ba in _PyEval_EvalCodeWithName ()
No symbol table info available.
#38 0x00000000005f6343 in _PyFunction_Vectorcall ()
No symbol table info available.
#39 0x000000000050ad7c in ?? ()
No symbol table info available.
#40 0x00000000005f56c7 in PyObject_Call ()
No symbol table info available.
#41 0x000000000056d5f6 in _PyEval_EvalFrameDefault ()
No symbol table info available.
#42 0x000000000056a0ba in _PyEval_EvalCodeWithName ()
No symbol table info available.
#43 0x000000000050adf0 in ?? ()
No symbol table info available.
#44 0x000000000056cf2a in _PyEval_EvalFrameDefault ()
No symbol table info available.
#45 0x0000000000500993 in ?? ()
No symbol table info available.
#46 0x00000000004f5163 in ?? ()
No symbol table info available.
#47 0x00000000005c5530 in ?? ()
No symbol table info available.
#48 0x000000000056bddd in _PyEval_EvalFrameDefault ()
No symbol table info available.
#49 0x000000000056a0ba in _PyEval_EvalCodeWithName ()
No symbol table info available.
#50 0x00000000005f6343 in _PyFunction_Vectorcall ()
No symbol table info available.
#51 0x000000000056bf09 in _PyEval_EvalFrameDefault ()
No symbol table info available.
#52 0x0000000000500993 in ?? ()
No symbol table info available.
#53 0x00000000004f5163 in ?? ()
No symbol table info available.
#54 0x00000000005c5530 in ?? ()
No symbol table info available.
#55 0x000000000056bddd in _PyEval_EvalFrameDefault ()
No symbol table info available.
#56 0x000000000056a0ba in _PyEval_EvalCodeWithName ()
No symbol table info available.
#57 0x000000000050adf0 in ?? ()
No symbol table info available.
#58 0x000000000056bddd in _PyEval_EvalFrameDefault ()
No symbol table info available.
#59 0x0000000000500993 in ?? ()
No symbol table info available.
#60 0x00000000004f5163 in ?? ()
No symbol table info available.
#61 0x00000000005c5530 in ?? ()
No symbol table info available.
#62 0x000000000056bddd in _PyEval_EvalFrameDefault ()
No symbol table info available.
#63 0x000000000056a0ba in _PyEval_EvalCodeWithName ()
No symbol table info available.
#64 0x00000000005f6343 in _PyFunction_Vectorcall ()
No symbol table info available.
#65 0x000000000050ad7c in ?? ()
No symbol table info available.
#66 0x00000000005f56c7 in PyObject_Call ()
No symbol table info available.
#67 0x000000000056d5f6 in _PyEval_EvalFrameDefault ()
No symbol table info available.
#68 0x00000000005004f8 in ?? ()
No symbol table info available.
#69 0x00000000005042c6 in ?? ()
No symbol table info available.
#70 0x000000000056bf09 in _PyEval_EvalFrameDefault ()
No symbol table info available.
#71 0x00000000005f6166 in _PyFunction_Vectorcall ()
No symbol table info available.
#72 0x000000000056bf09 in _PyEval_EvalFrameDefault ()
No symbol table info available.
#73 0x000000000056a0ba in _PyEval_EvalCodeWithName ()
No symbol table info available.
#74 0x00000000005f6343 in _PyFunction_Vectorcall ()
No symbol table info available.
#75 0x00000000005f56c7 in PyObject_Call ()
No symbol table info available.
#76 0x000000000056d5f6 in _PyEval_EvalFrameDefault ()
No symbol table info available.
#77 0x000000000056a0ba in _PyEval_EvalCodeWithName ()
No symbol table info available.
#78 0x00000000005f70bb in _PyObject_FastCallDict ()
No symbol table info available.
#79 0x000000000066600d in ?? ()
No symbol table info available.
#80 0x00000000005f698e in _PyObject_MakeTpCall ()
No symbol table info available.
#81 0x000000000057107c in _PyEval_EvalFrameDefault ()
No symbol table info available.
#82 0x00000000005f6166 in _PyFunction_Vectorcall ()
No symbol table info available.
#83 0x000000000050ad7c in ?? ()
No symbol table info available.
#84 0x00000000004f2a6e in ?? ()
No symbol table info available.
#85 0x00000000005ffaf3 in ?? ()
No symbol table info available.
#86 0x00000000005c5417 in ?? ()
No symbol table info available.
#87 0x00000000005f5c3d in PyVectorcall_Call ()
No symbol table info available.
#88 0x0000000000571f3e in _PyEval_EvalFrameDefault ()
No symbol table info available.
#89 0x00000000005f6166 in _PyFunction_Vectorcall ()
No symbol table info available.
#90 0x000000000056bf09 in _PyEval_EvalFrameDefault ()
No symbol table info available.
#91 0x00000000005f6166 in _PyFunction_Vectorcall ()
No symbol table info available.
#92 0x000000000056bf09 in _PyEval_EvalFrameDefault ()
No symbol table info available.
#93 0x00000000005f6166 in _PyFunction_Vectorcall ()
No symbol table info available.
#94 0x000000000056bf09 in _PyEval_EvalFrameDefault ()
No symbol table info available.
#95 0x00000000005f6166 in _PyFunction_Vectorcall ()
No symbol table info available.
#96 0x000000000056bf09 in _PyEval_EvalFrameDefault ()
No symbol table info available.
#97 0x00000000005f6166 in _PyFunction_Vectorcall ()
No symbol table info available.
#98 0x000000000056bf09 in _PyEval_EvalFrameDefault ()
No symbol table info available.
#99 0x000000000056a0ba in _PyEval_EvalCodeWithName ()
No symbol table info available.
#100 0x000000000050adf0 in ?? ()
No symbol table info available.
#101 0x000000000056cf2a in _PyEval_EvalFrameDefault ()
No symbol table info available.
#102 0x000000000056a0ba in _PyEval_EvalCodeWithName ()
No symbol table info available.
#103 0x000000000068d5b7 in PyEval_EvalCode ()
No symbol table info available.
#104 0x0000000000600f54 in ?? ()
No symbol table info available.
#105 0x00000000005c5530 in ?? ()
No symbol table info available.
#106 0x000000000056bddd in _PyEval_EvalFrameDefault ()
No symbol table info available.
#107 0x000000000056a0ba in _PyEval_EvalCodeWithName ()
No symbol table info available.
#108 0x00000000005f6343 in _PyFunction_Vectorcall ()
No symbol table info available.
#109 0x000000000056bddd in _PyEval_EvalFrameDefault ()
No symbol table info available.
#110 0x000000000056a0ba in _PyEval_EvalCodeWithName ()
No symbol table info available.
#111 0x00000000005f6343 in _PyFunction_Vectorcall ()
No symbol table info available.
#112 0x00000000005f56c7 in PyObject_Call ()
No symbol table info available.
#113 0x00000000006b6fa2 in ?? ()
No symbol table info available.
#114 0x00000000006b73a9 in Py_RunMain ()
No symbol table info available.
#115 0x00000000006b75cd in Py_BytesMain ()
No symbol table info available.
#116 0x00007fc1b3e9d0b3 in __libc_start_main (main=0x4eec50 <main>, argc=5, 
    argv=0x7ffc16405138, init=<optimized out>, fini=<optimized out>, 
    rtld_fini=<optimized out>, stack_end=0x7ffc16405128)
    at ../csu/libc-start.c:308
        self = <optimized out>
        result = <optimized out>
        unwind_buf = {cancel_jmp_buf = {{jmp_buf = {7042528, 
                1839827102830015876, 6271328, 140720681799984, 0, 0, 
                -1841887034622233212, -1870393716118669948}, 
              mask_was_saved = 0}}, priv = {pad = {0x0, 0x0, 0x5, 
              0x7ffc16405138}, data = {prev = 0x0, cleanup = 0x0, 
              canceltype = 5}}}
        not_first_call = <optimized out>
#117 0x00000000005fb18e in _start ()
No symbol table info available.
>>>>>>>>>>>>>>>>>>>>>>>>>>>>>>>>>>>>>>>>>>>>>>>>>>>>>>>>>>>>>>>>>>>


Cython backtrace
----------------
#0  0x00007fc1b3f5bda0 in __GI___wait4 () at /build/glibc-eX1tMB/glibc-2.31/posix/../sysdeps/unix/sysv/linux/wait4.c:27
#1  0x0000000000000000 in ?? ()
#2  0x0000000000000000 in ?? ()
#3  0x0000000000000000 in ?? ()
#4  0x00007fc1b3e683c0 in __restore_rt ()
#5  0x0000000000000000 in GiNaC::numeric::print_numeric(GiNaC::print_context const&, char const*, char const*, char const*, char const*, unsigned int, bool) const ()
#6  0x0000000000000000 in GiNaC::numeric::do_print(GiNaC::print_context const&, unsigned int) const ()
#7  0x0000000000000000 in GiNaC::basic::print_dispatch(GiNaC::class_info<GiNaC::registered_class_options> const&, GiNaC::print_context const&, unsigned int) const ()
#8  0x0000000000000000 in GiNaC::operator<<(std::ostream&, GiNaC::ex const&) ()
#9  0x0000000000000000 in ?? ()
#10 0x0000000000000000 in ?? ()
#11 0x0000000000000000 in ?? ()
#12 0x0000000000000000 in ?? ()
#13 0x0000000000000000 in ?? ()
#14 0x0000000000000000 in ?? ()
#15 0x0000000000000000 in ?? ()
#16 0x00000000005c5820 in PyObject_Str ()
#17 0x00000000006144a0 in PyFile_WriteObject ()
#18 0x0000000000000000 in ?? ()
#19 0x0000000000000000 in ?? ()
#20 0x000000000056b6c0 in _PyEval_EvalFrameDefault ()
#21 0x0000000000569e50 in _PyEval_EvalCodeWithName ()
#22 0x000000000068d590 in PyEval_EvalCode ()
#23 0x0000000000000000 in ?? ()
#24 0x0000000000000000 in ?? ()
#25 0x000000000056b6c0 in _PyEval_EvalFrameDefault ()
#26 0x0000000000000000 in ?? ()
#27 0x000000000056b6c0 in _PyEval_EvalFrameDefault ()
#28 0x0000000000000000 in ?? ()
#29 0x000000000056b6c0 in _PyEval_EvalFrameDefault ()
#30 0x0000000000000000 in ?? ()
#31 0x0000000000000000 in ?? ()
#32 0x000000000056b6c0 in _PyEval_EvalFrameDefault ()
#33 0x00000000005f5fb0 in _PyFunction_Vectorcall ()
#34 0x000000000056b6c0 in _PyEval_EvalFrameDefault ()
#35 0x00000000005f5fb0 in _PyFunction_Vectorcall ()
#36 0x000000000056b6c0 in _PyEval_EvalFrameDefault ()
#37 0x0000000000569e50 in _PyEval_EvalCodeWithName ()
#38 0x00000000005f5fb0 in _PyFunction_Vectorcall ()
#39 0x0000000000000000 in ?? ()
#40 0x00000000005f54d0 in PyObject_Call ()
#41 0x000000000056b6c0 in _PyEval_EvalFrameDefault ()
#42 0x0000000000569e50 in _PyEval_EvalCodeWithName ()
#43 0x0000000000000000 in ?? ()
#44 0x000000000056b6c0 in _PyEval_EvalFrameDefault ()
#45 0x0000000000000000 in ?? ()
#46 0x0000000000000000 in ?? ()
#47 0x0000000000000000 in ?? ()
#48 0x000000000056b6c0 in _PyEval_EvalFrameDefault ()
#49 0x0000000000569e50 in _PyEval_EvalCodeWithName ()
#50 0x00000000005f5fb0 in _PyFunction_Vectorcall ()
#51 0x000000000056b6c0 in _PyEval_EvalFrameDefault ()
#52 0x0000000000000000 in ?? ()
#53 0x0000000000000000 in ?? ()
#54 0x0000000000000000 in ?? ()
#55 0x000000000056b6c0 in _PyEval_EvalFrameDefault ()
#56 0x0000000000569e50 in _PyEval_EvalCodeWithName ()
#57 0x0000000000000000 in ?? ()
#58 0x000000000056b6c0 in _PyEval_EvalFrameDefault ()
#59 0x0000000000000000 in ?? ()
#60 0x0000000000000000 in ?? ()
#61 0x0000000000000000 in ?? ()
#62 0x000000000056b6c0 in _PyEval_EvalFrameDefault ()
#63 0x0000000000569e50 in _PyEval_EvalCodeWithName ()
#64 0x00000000005f5fb0 in _PyFunction_Vectorcall ()
#65 0x0000000000000000 in ?? ()
#66 0x00000000005f54d0 in PyObject_Call ()
#67 0x000000000056b6c0 in _PyEval_EvalFrameDefault ()
#68 0x0000000000000000 in ?? ()
#69 0x0000000000000000 in ?? ()
#70 0x000000000056b6c0 in _PyEval_EvalFrameDefault ()
#71 0x00000000005f5fb0 in _PyFunction_Vectorcall ()
#72 0x000000000056b6c0 in _PyEval_EvalFrameDefault ()
#73 0x0000000000569e50 in _PyEval_EvalCodeWithName ()
#74 0x00000000005f5fb0 in _PyFunction_Vectorcall ()
#75 0x00000000005f54d0 in PyObject_Call ()
#76 0x000000000056b6c0 in _PyEval_EvalFrameDefault ()
#77 0x0000000000569e50 in _PyEval_EvalCodeWithName ()
#78 0x00000000005f6dd0 in _PyObject_FastCallDict ()
#79 0x0000000000000000 in ?? ()
#80 0x00000000005f66f0 in _PyObject_MakeTpCall ()
#81 0x000000000056b6c0 in _PyEval_EvalFrameDefault ()
#82 0x00000000005f5fb0 in _PyFunction_Vectorcall ()
#83 0x0000000000000000 in ?? ()
#84 0x0000000000000000 in ?? ()
#85 0x0000000000000000 in ?? ()
#86 0x0000000000000000 in ?? ()
#87 0x00000000005f5ab0 in PyVectorcall_Call ()
#88 0x000000000056b6c0 in _PyEval_EvalFrameDefault ()
#89 0x00000000005f5fb0 in _PyFunction_Vectorcall ()
#90 0x000000000056b6c0 in _PyEval_EvalFrameDefault ()
#91 0x00000000005f5fb0 in _PyFunction_Vectorcall ()
#92 0x000000000056b6c0 in _PyEval_EvalFrameDefault ()
#93 0x00000000005f5fb0 in _PyFunction_Vectorcall ()
#94 0x000000000056b6c0 in _PyEval_EvalFrameDefault ()
#95 0x00000000005f5fb0 in _PyFunction_Vectorcall ()
#96 0x000000000056b6c0 in _PyEval_EvalFrameDefault ()
#97 0x00000000005f5fb0 in _PyFunction_Vectorcall ()
#98 0x000000000056b6c0 in _PyEval_EvalFrameDefault ()
#99 0x0000000000569e50 in _PyEval_EvalCodeWithName ()
#100 0x0000000000000000 in ?? ()
#101 0x000000000056b6c0 in _PyEval_EvalFrameDefault ()
#102 0x0000000000569e50 in _PyEval_EvalCodeWithName ()
#103 0x000000000068d590 in PyEval_EvalCode ()
#104 0x0000000000000000 in ?? ()
#105 0x0000000000000000 in ?? ()
#106 0x000000000056b6c0 in _PyEval_EvalFrameDefault ()
#107 0x0000000000569e50 in _PyEval_EvalCodeWithName ()
#108 0x00000000005f5fb0 in _PyFunction_Vectorcall ()
#109 0x000000000056b6c0 in _PyEval_EvalFrameDefault ()
#110 0x0000000000569e50 in _PyEval_EvalCodeWithName ()
#111 0x00000000005f5fb0 in _PyFunction_Vectorcall ()
#112 0x00000000005f54d0 in PyObject_Call ()
#113 0x0000000000000000 in ?? ()
#114 0x00000000006b7030 in Py_RunMain ()
#115 0x00000000006b75a0 in Py_BytesMain ()
#116 0x00007fc1b3e9cfc0 in __libc_start_main () at /build/glibc-eX1tMB/glibc-2.31/csu/../csu/libc-start.c:308
#117 0x00000000005fb160 in _start ()

[Inferior 1 (process 33524) detached]
27	../sysdeps/unix/sysv/linux/wait4.c: No such file or directory.
